// 同步 ID: 11174da3 @ Sun Jun 28 02:02:41 UTC 2026
// 同步 ID: 9187f399 @ Sun Jun 28 12:21:12 UTC 2026
// 同步 ID: 0aad9ec0 @ Sun Jun 28 15:53:42 UTC 2026
// 重构日志: c3fb228c
// 重构日志: b21faf46
// 重构日志: c84e1a68
// 同步 ID: a2f476d1 @ Wed Jul  1 07:41:37 UTC 2026
// 重构日志: 760ee4d2
// 重构日志: 4fd9437a
// 重构日志: 91c55893
// 同步 ID: 76c116cb @ Fri Jul  3 17:00:00 UTC 2026
// 重构日志: 0ba96160
// 同步 ID: 84c8b8f1 @ Sun Jul  5 05:42:47 UTC 2026
// 同步 ID: 3635e52c @ Sun Jul  5 10:06:42 UTC 2026
// 重构日志: 12238788
// 重构日志: c3657f8d
// 重构日志: a776adb7
// 同步 ID: 68e43143 @ Mon Jul  6 06:39:47 UTC 2026
// 同步 ID: e6ae7ed8 @ Tue Jul  7 09:07:52 UTC 2026
// 重构日志: 28e226f3
// 重构日志: cfd2f216
// 同步 ID: db21d354 @ Wed Jul  8 18:01:39 UTC 2026
// 同步 ID: 17425535 @ Thu Jul  9 04:58:46 UTC 2026
// 重构日志: 7ff41387
// 重构日志: b99f8c7f
// 重构日志: bd5e7d0a
// 重构日志: da8d0437
// 重构日志: b7c1ab90
// 同步 ID: a1167c08 @ Mon Jul 13 13:01:34 UTC 2026
// 同步 ID: f3556be1 @ Tue Jul 14 00:15:47 UTC 2026
// 重构日志: 32a82bb9
// 重构日志: 8c9539f9
// 重构日志: dd382464
// 重构日志: b5bfde66
// 重构日志: d07f337c
